<?xml version="1.0" encoding="UTF-8"?>
<!-- Generated by org.testng.reporters.JUnitXMLReporter -->
<testsuite ignored="4" hostname="DESKTOP-LNHF1UD" failures="0" tests="2" name="Surefire test" time="3.529" errors="0" timestamp="2023-02-12T16:34:29 IST">
  <testcase classname="Deepakacademy.tests.BankManagerLoginTest" name="bankManagerLogin" time="3.025"/>
  <testcase classname="Deepakacademy.tests.CustomerLoginTest" name="CustomerLogin" time="0.449"/>
  <testcase classname="BaseTest.BaseTest" name="@BeforeSuite launchBrowser" time="0.0">
    <ignored/>
  </testcase> <!-- @BeforeSuite launchBrowser -->
  <testcase classname="BaseTest.BaseTest" name="@AfterSuite quitBrowser" time="0.0">
    <ignored/>
  </testcase> <!-- @AfterSuite quitBrowser -->
  <testcase classname="BaseTest.BaseTest" name="@BeforeSuite launchBrowser" time="0.0">
    <ignored/>
  </testcase> <!-- @BeforeSuite launchBrowser -->
  <testcase classname="BaseTest.BaseTest" name="@AfterSuite quitBrowser" time="0.0">
    <ignored/>
  </testcase> <!-- @AfterSuite quitBrowser -->
</testsuite> <!-- Surefire test -->
