<?xml version="1.0" encoding="UTF-8"?>
<!-- Generated by org.testng.reporters.JUnitXMLReporter -->
<testsuite ignored="2" hostname="DESKTOP-LNHF1UD" failures="0" tests="2" name="Test" time="3.478" errors="0" timestamp="2023-02-12T15:52:42 IST">
  <testcase classname="Deepakacademy.tests.BankManagerLoginTest" name="bankManagerLogin" time="3.175"/>
  <testcase classname="Deepakacademy.tests.CustomerLoginTest" name="CustomerLogin" time="0.267"/>
  <testcase classname="BaseTest.BaseTest" name="@BeforeSuite launchBrowser" time="0.0">
    <ignored/>
  </testcase> <!-- @BeforeSuite launchBrowser -->
  <testcase classname="BaseTest.BaseTest" name="@AfterSuite quitBrowser" time="0.0">
    <ignored/>
  </testcase> <!-- @AfterSuite quitBrowser -->
</testsuite> <!-- Test -->
