<?xml version="1.0" encoding="UTF-8"?>
<testng-results ignored="4" total="6" passed="2" failed="0" skipped="0">
  <reporter-output>
  </reporter-output>
  <suite started-at="2023-02-12T16:34:26 IST" name="Surefire suite" finished-at="2023-02-12T16:34:29 IST" duration-ms="3529">
    <groups>
    </groups>
    <test started-at="2023-02-12T16:34:26 IST" name="Surefire test" finished-at="2023-02-12T16:34:29 IST" duration-ms="3529">
      <class name="Deepakacademy.tests.CustomerLoginTest">
        <test-method signature="CustomerLogin()[pri:0, instance:Deepakacademy.tests.CustomerLoginTest@43dac38f]" started-at="2023-02-12T16:34:29 IST" name="CustomerLogin" finished-at="2023-02-12T16:34:29 IST" depends-on-methods="bankManagerLogin" duration-ms="449" status="PASS">
          <reporter-output>
          </reporter-output>
        </test-method> <!-- CustomerLogin -->
      </class> <!-- Deepakacademy.tests.CustomerLoginTest -->
      <class name="Deepakacademy.tests.BankManagerLoginTest">
        <test-method signature="bankManagerLogin()[pri:0, instance:Deepakacademy.tests.BankManagerLoginTest@6392827e]" started-at="2023-02-12T16:34:26 IST" name="bankManagerLogin" finished-at="2023-02-12T16:34:29 IST" duration-ms="3025" status="PASS">
          <reporter-output>
          </reporter-output>
        </test-method> <!-- bankManagerLogin -->
      </class> <!-- Deepakacademy.tests.BankManagerLoginTest -->
      <class name="BaseTest.BaseTest">
        <test-method is-config="true" signature="launchBrowser()[pri:0, instance:BaseTest.BaseTest@618425b5]" started-at="2023-02-12T16:34:19 IST" name="launchBrowser" finished-at="2023-02-12T16:34:26 IST" duration-ms="6465" status="PASS">
          <reporter-output>
          </reporter-output>
        </test-method> <!-- launchBrowser -->
        <test-method is-config="true" signature="quitBrowser()[pri:0, instance:BaseTest.BaseTest@618425b5]" started-at="2023-02-12T16:34:29 IST" name="quitBrowser" finished-at="2023-02-12T16:34:30 IST" duration-ms="680" status="PASS">
          <reporter-output>
          </reporter-output>
        </test-method> <!-- quitBrowser -->
      </class> <!-- BaseTest.BaseTest -->
    </test> <!-- Surefire test -->
  </suite> <!-- Surefire suite -->
</testng-results>
