<?xml version="1.0" encoding="UTF-8"?>
<testng-results ignored="2" total="4" passed="2" failed="0" skipped="0">
  <reporter-output>
  </reporter-output>
  <suite started-at="2023-02-12T15:52:38 IST" name="Suite" finished-at="2023-02-12T15:52:42 IST" duration-ms="3478">
    <groups>
    </groups>
    <test started-at="2023-02-12T15:52:38 IST" name="Test" finished-at="2023-02-12T15:52:42 IST" duration-ms="3478">
      <class name="Deepakacademy.tests.CustomerLoginTest">
        <test-method signature="CustomerLogin()[pri:0, instance:Deepakacademy.tests.CustomerLoginTest@97e93f1]" started-at="2023-02-12T15:52:42 IST" name="CustomerLogin" finished-at="2023-02-12T15:52:42 IST" depends-on-methods="bankManagerLogin" duration-ms="267" status="PASS">
          <reporter-output>
          </reporter-output>
        </test-method> <!-- CustomerLogin -->
      </class> <!-- Deepakacademy.tests.CustomerLoginTest -->
      <class name="Deepakacademy.tests.BankManagerLoginTest">
        <test-method is-config="true" signature="launchBrowser()[pri:0, instance:Deepakacademy.tests.BankManagerLoginTest@25df00a0]" started-at="2023-02-12T15:52:32 IST" name="launchBrowser" finished-at="2023-02-12T15:52:38 IST" duration-ms="6628" status="PASS">
          <reporter-output>
          </reporter-output>
        </test-method> <!-- launchBrowser -->
        <test-method signature="bankManagerLogin()[pri:0, instance:Deepakacademy.tests.BankManagerLoginTest@25df00a0]" started-at="2023-02-12T15:52:38 IST" name="bankManagerLogin" finished-at="2023-02-12T15:52:42 IST" duration-ms="3175" status="PASS">
          <reporter-output>
          </reporter-output>
        </test-method> <!-- bankManagerLogin -->
        <test-method is-config="true" signature="quitBrowser()[pri:0, instance:Deepakacademy.tests.BankManagerLoginTest@25df00a0]" started-at="2023-02-12T15:52:42 IST" name="quitBrowser" finished-at="2023-02-12T15:52:43 IST" duration-ms="683" status="PASS">
          <reporter-output>
          </reporter-output>
        </test-method> <!-- quitBrowser -->
      </class> <!-- Deepakacademy.tests.BankManagerLoginTest -->
    </test> <!-- Test -->
  </suite> <!-- Suite -->
</testng-results>
